{"/home/piva/Documentos/Programação/hackathon/sample-app/src/controllers/payment.controller.ts": {"path":"/home/piva/Documentos/Programação/hackathon/sample-app/src/controllers/payment.controller.ts","statementMap":{"0":{"start":{"line":15,"column":31},"end":{"line":15,"column":61}},"1":{"start":{"line":18,"column":4},"end":{"line":75,"column":5}},"2":{"start":{"line":19,"column":69},"end":{"line":19,"column":77}},"3":{"start":{"line":21,"column":6},"end":{"line":26,"column":7}},"4":{"start":{"line":22,"column":8},"end":{"line":25,"column":10}},"5":{"start":{"line":28,"column":6},"end":{"line":33,"column":7}},"6":{"start":{"line":29,"column":8},"end":{"line":32,"column":10}},"7":{"start":{"line":35,"column":6},"end":{"line":40,"column":7}},"8":{"start":{"line":36,"column":8},"end":{"line":39,"column":10}},"9":{"start":{"line":42,"column":6},"end":{"line":47,"column":7}},"10":{"start":{"line":43,"column":8},"end":{"line":46,"column":10}},"11":{"start":{"line":49,"column":41},"end":{"line":55,"column":8}},"12":{"start":{"line":57,"column":21},"end":{"line":57,"column":68}},"13":{"start":{"line":59,"column":6},"end":{"line":65,"column":8}},"14":{"start":{"line":67,"column":6},"end":{"line":74,"column":8}},"15":{"start":{"line":79,"column":4},"end":{"line":112,"column":5}},"16":{"start":{"line":80,"column":17},"end":{"line":80,"column":31}},"17":{"start":{"line":81,"column":6},"end":{"line":86,"column":7}},"18":{"start":{"line":82,"column":8},"end":{"line":85,"column":10}},"19":{"start":{"line":88,"column":22},"end":{"line":88,"column":62}},"20":{"start":{"line":89,"column":6},"end":{"line":94,"column":7}},"21":{"start":{"line":90,"column":8},"end":{"line":93,"column":10}},"22":{"start":{"line":96,"column":6},"end":{"line":102,"column":8}},"23":{"start":{"line":104,"column":6},"end":{"line":111,"column":8}},"24":{"start":{"line":14,"column":0},"end":{"line":14,"column":13}}},"fnMap":{"0":{"name":"(anonymous_0)","decl":{"start":{"line":15,"column":2},"end":{"line":15,"column":31}},"loc":{"start":{"line":15,"column":61},"end":{"line":15,"column":65}}},"1":{"name":"(anonymous_1)","decl":{"start":{"line":17,"column":9},"end":{"line":17,"column":14}},"loc":{"start":{"line":17,"column":51},"end":{"line":76,"column":3}}},"2":{"name":"(anonymous_2)","decl":{"start":{"line":78,"column":9},"end":{"line":78,"column":14}},"loc":{"start":{"line":78,"column":48},"end":{"line":113,"column":3}}}},"branchMap":{"0":{"loc":{"start":{"line":21,"column":6},"end":{"line":26,"column":7}},"type":"if","locations":[{"start":{"line":21,"column":6},"end":{"line":26,"column":7}}]},"1":{"loc":{"start":{"line":21,"column":10},"end":{"line":21,"column":63}},"type":"binary-expr","locations":[{"start":{"line":21,"column":10},"end":{"line":21,"column":25}},{"start":{"line":21,"column":29},"end":{"line":21,"column":63}}]},"2":{"loc":{"start":{"line":28,"column":6},"end":{"line":33,"column":7}},"type":"if","locations":[{"start":{"line":28,"column":6},"end":{"line":33,"column":7}}]},"3":{"loc":{"start":{"line":35,"column":6},"end":{"line":40,"column":7}},"type":"if","locations":[{"start":{"line":35,"column":6},"end":{"line":40,"column":7}}]},"4":{"loc":{"start":{"line":42,"column":6},"end":{"line":47,"column":7}},"type":"if","locations":[{"start":{"line":42,"column":6},"end":{"line":47,"column":7}}]},"5":{"loc":{"start":{"line":72,"column":19},"end":{"line":72,"column":57}},"type":"binary-expr","locations":[{"start":{"line":72,"column":19},"end":{"line":72,"column":30}},{"start":{"line":72,"column":34},"end":{"line":72,"column":57}}]},"6":{"loc":{"start":{"line":81,"column":6},"end":{"line":86,"column":7}},"type":"if","locations":[{"start":{"line":81,"column":6},"end":{"line":86,"column":7}}]},"7":{"loc":{"start":{"line":89,"column":6},"end":{"line":94,"column":7}},"type":"if","locations":[{"start":{"line":89,"column":6},"end":{"line":94,"column":7}}]}},"s":{"0":4,"1":3,"2":3,"3":3,"4":1,"5":2,"6":0,"7":2,"8":0,"9":2,"10":0,"11":2,"12":2,"13":1,"14":1,"15":2,"16":2,"17":2,"18":0,"19":2,"20":2,"21":1,"22":1,"23":0,"24":1},"f":{"0":4,"1":3,"2":2},"b":{"0":[1],"1":[3,2],"2":[0],"3":[0],"4":[0],"5":[1,0],"6":[0],"7":[1]}}
,"/home/piva/Documentos/Programação/hackathon/sample-app/src/repository/payment.repository.ts": {"path":"/home/piva/Documentos/Programação/hackathon/sample-app/src/repository/payment.repository.ts","statementMap":{"0":{"start":{"line":19,"column":49},"end":{"line":19,"column":58}},"1":{"start":{"line":20,"column":50},"end":{"line":20,"column":59}},"2":{"start":{"line":23,"column":23},"end":{"line":23,"column":71}},"3":{"start":{"line":24,"column":4},"end":{"line":27,"column":5}},"4":{"start":{"line":25,"column":23},"end":{"line":25,"column":52}},"5":{"start":{"line":26,"column":6},"end":{"line":26,"column":36}},"6":{"start":{"line":26,"column":20},"end":{"line":26,"column":36}},"7":{"start":{"line":29,"column":15},"end":{"line":29,"column":80}},"8":{"start":{"line":30,"column":16},"end":{"line":30,"column":26}},"9":{"start":{"line":31,"column":37},"end":{"line":36,"column":6}},"10":{"start":{"line":38,"column":4},"end":{"line":38,"column":37}},"11":{"start":{"line":39,"column":4},"end":{"line":39,"column":57}},"12":{"start":{"line":40,"column":4},"end":{"line":40,"column":21}},"13":{"start":{"line":44,"column":4},"end":{"line":44,"column":41}},"14":{"start":{"line":48,"column":15},"end":{"line":48,"column":45}},"15":{"start":{"line":49,"column":4},"end":{"line":49,"column":25}},"16":{"start":{"line":49,"column":13},"end":{"line":49,"column":25}},"17":{"start":{"line":50,"column":4},"end":{"line":50,"column":29}},"18":{"start":{"line":54,"column":21},"end":{"line":54,"column":42}},"19":{"start":{"line":55,"column":4},"end":{"line":57,"column":5}},"20":{"start":{"line":56,"column":6},"end":{"line":56,"column":57}},"21":{"start":{"line":59,"column":35},"end":{"line":63,"column":6}},"22":{"start":{"line":65,"column":4},"end":{"line":65,"column":35}},"23":{"start":{"line":66,"column":4},"end":{"line":66,"column":19}},"24":{"start":{"line":70,"column":4},"end":{"line":70,"column":26}},"25":{"start":{"line":71,"column":4},"end":{"line":71,"column":34}},"26":{"start":{"line":18,"column":0},"end":{"line":18,"column":13}}},"fnMap":{"0":{"name":"(anonymous_0)","decl":{"start":{"line":22,"column":2},"end":{"line":22,"column":7}},"loc":{"start":{"line":22,"column":76},"end":{"line":41,"column":3}}},"1":{"name":"(anonymous_1)","decl":{"start":{"line":43,"column":2},"end":{"line":43,"column":7}},"loc":{"start":{"line":43,"column":27},"end":{"line":45,"column":3}}},"2":{"name":"(anonymous_2)","decl":{"start":{"line":47,"column":2},"end":{"line":47,"column":7}},"loc":{"start":{"line":47,"column":40},"end":{"line":51,"column":3}}},"3":{"name":"(anonymous_3)","decl":{"start":{"line":53,"column":2},"end":{"line":53,"column":7}},"loc":{"start":{"line":53,"column":54},"end":{"line":67,"column":3}}},"4":{"name":"(anonymous_4)","decl":{"start":{"line":69,"column":2},"end":{"line":69,"column":7}},"loc":{"start":{"line":69,"column":13},"end":{"line":72,"column":3}}}},"branchMap":{"0":{"loc":{"start":{"line":24,"column":4},"end":{"line":27,"column":5}},"type":"if","locations":[{"start":{"line":24,"column":4},"end":{"line":27,"column":5}}]},"1":{"loc":{"start":{"line":26,"column":6},"end":{"line":26,"column":36}},"type":"if","locations":[{"start":{"line":26,"column":6},"end":{"line":26,"column":36}}]},"2":{"loc":{"start":{"line":44,"column":11},"end":{"line":44,"column":40}},"type":"binary-expr","locations":[{"start":{"line":44,"column":11},"end":{"line":44,"column":32}},{"start":{"line":44,"column":36},"end":{"line":44,"column":40}}]},"3":{"loc":{"start":{"line":49,"column":4},"end":{"line":49,"column":25}},"type":"if","locations":[{"start":{"line":49,"column":4},"end":{"line":49,"column":25}}]},"4":{"loc":{"start":{"line":55,"column":4},"end":{"line":57,"column":5}},"type":"if","locations":[{"start":{"line":55,"column":4},"end":{"line":57,"column":5}}]}},"s":{"0":23,"1":23,"2":12,"3":12,"4":1,"5":1,"6":1,"7":11,"8":11,"9":11,"10":11,"11":11,"12":11,"13":7,"14":8,"15":8,"16":6,"17":2,"18":2,"19":2,"20":1,"21":1,"22":1,"23":1,"24":24,"25":24,"26":3},"f":{"0":12,"1":7,"2":8,"3":2,"4":24},"b":{"0":[1],"1":[1],"2":[7,2],"3":[6],"4":[1]}}
,"/home/piva/Documentos/Programação/hackathon/sample-app/src/services/payment.service.ts": {"path":"/home/piva/Documentos/Programação/hackathon/sample-app/src/services/payment.service.ts","statementMap":{"0":{"start":{"line":21,"column":42},"end":{"line":21,"column":72}},"1":{"start":{"line":22,"column":43},"end":{"line":22,"column":48}},"2":{"start":{"line":24,"column":31},"end":{"line":24,"column":60}},"3":{"start":{"line":27,"column":4},"end":{"line":36,"column":5}},"4":{"start":{"line":29,"column":8},"end":{"line":29,"column":58}},"5":{"start":{"line":31,"column":8},"end":{"line":31,"column":58}},"6":{"start":{"line":33,"column":8},"end":{"line":33,"column":51}},"7":{"start":{"line":35,"column":8},"end":{"line":35,"column":65}},"8":{"start":{"line":40,"column":4},"end":{"line":42,"column":5}},"9":{"start":{"line":41,"column":6},"end":{"line":41,"column":53}},"10":{"start":{"line":43,"column":4},"end":{"line":45,"column":5}},"11":{"start":{"line":44,"column":6},"end":{"line":44,"column":58}},"12":{"start":{"line":46,"column":4},"end":{"line":48,"column":5}},"13":{"start":{"line":47,"column":6},"end":{"line":47,"column":99}},"14":{"start":{"line":49,"column":4},"end":{"line":51,"column":5}},"15":{"start":{"line":50,"column":6},"end":{"line":50,"column":65}},"16":{"start":{"line":55,"column":4},"end":{"line":55,"column":37}},"17":{"start":{"line":57,"column":21},"end":{"line":57,"column":85}},"18":{"start":{"line":58,"column":4},"end":{"line":66,"column":5}},"19":{"start":{"line":59,"column":6},"end":{"line":65,"column":8}},"20":{"start":{"line":68,"column":16},"end":{"line":68,"column":61}},"21":{"start":{"line":69,"column":22},"end":{"line":69,"column":61}},"22":{"start":{"line":71,"column":19},"end":{"line":80,"column":6}},"23":{"start":{"line":82,"column":4},"end":{"line":88,"column":6}},"24":{"start":{"line":92,"column":4},"end":{"line":92,"column":40}},"25":{"start":{"line":20,"column":0},"end":{"line":20,"column":13}}},"fnMap":{"0":{"name":"(anonymous_0)","decl":{"start":{"line":24,"column":2},"end":{"line":24,"column":31}},"loc":{"start":{"line":24,"column":60},"end":{"line":24,"column":64}}},"1":{"name":"(anonymous_1)","decl":{"start":{"line":26,"column":9},"end":{"line":26,"column":21}},"loc":{"start":{"line":26,"column":59},"end":{"line":37,"column":3}}},"2":{"name":"(anonymous_2)","decl":{"start":{"line":39,"column":9},"end":{"line":39,"column":29}},"loc":{"start":{"line":39,"column":56},"end":{"line":52,"column":3}}},"3":{"name":"(anonymous_3)","decl":{"start":{"line":54,"column":9},"end":{"line":54,"column":14}},"loc":{"start":{"line":54,"column":56},"end":{"line":89,"column":3}}},"4":{"name":"(anonymous_4)","decl":{"start":{"line":91,"column":9},"end":{"line":91,"column":14}},"loc":{"start":{"line":91,"column":36},"end":{"line":93,"column":3}}}},"branchMap":{"0":{"loc":{"start":{"line":27,"column":4},"end":{"line":36,"column":5}},"type":"switch","locations":[{"start":{"line":28,"column":6},"end":{"line":29,"column":58}},{"start":{"line":30,"column":6},"end":{"line":31,"column":58}},{"start":{"line":32,"column":6},"end":{"line":33,"column":51}},{"start":{"line":34,"column":6},"end":{"line":35,"column":65}}]},"1":{"loc":{"start":{"line":40,"column":4},"end":{"line":42,"column":5}},"type":"if","locations":[{"start":{"line":40,"column":4},"end":{"line":42,"column":5}}]},"2":{"loc":{"start":{"line":40,"column":8},"end":{"line":40,"column":73}},"type":"binary-expr","locations":[{"start":{"line":40,"column":8},"end":{"line":40,"column":29}},{"start":{"line":40,"column":33},"end":{"line":40,"column":73}}]},"3":{"loc":{"start":{"line":43,"column":4},"end":{"line":45,"column":5}},"type":"if","locations":[{"start":{"line":43,"column":4},"end":{"line":45,"column":5}}]},"4":{"loc":{"start":{"line":43,"column":8},"end":{"line":43,"column":84}},"type":"binary-expr","locations":[{"start":{"line":43,"column":8},"end":{"line":43,"column":40}},{"start":{"line":43,"column":44},"end":{"line":43,"column":63}},{"start":{"line":43,"column":67},"end":{"line":43,"column":84}}]},"5":{"loc":{"start":{"line":46,"column":4},"end":{"line":48,"column":5}},"type":"if","locations":[{"start":{"line":46,"column":4},"end":{"line":48,"column":5}}]},"6":{"loc":{"start":{"line":49,"column":4},"end":{"line":51,"column":5}},"type":"if","locations":[{"start":{"line":49,"column":4},"end":{"line":51,"column":5}}]},"7":{"loc":{"start":{"line":58,"column":4},"end":{"line":66,"column":5}},"type":"if","locations":[{"start":{"line":58,"column":4},"end":{"line":66,"column":5}}]}},"s":{"0":13,"1":13,"2":13,"3":6,"4":3,"5":2,"6":1,"7":0,"8":9,"9":1,"10":8,"11":1,"12":7,"13":1,"14":6,"15":2,"16":5,"17":4,"18":4,"19":1,"20":3,"21":3,"22":3,"23":3,"24":2,"25":2},"f":{"0":13,"1":6,"2":9,"3":5,"4":2},"b":{"0":[3,2,1,0],"1":[1],"2":[9,8],"3":[1],"4":[8,8,8],"5":[1],"6":[2],"7":[1]}}
}
