TN:
SF:src/controllers/payment.controller.ts
FN:15,(anonymous_0)
FN:17,(anonymous_1)
FN:78,(anonymous_2)
FNF:3
FNH:3
FNDA:4,(anonymous_0)
FNDA:3,(anonymous_1)
FNDA:2,(anonymous_2)
DA:14,1
DA:15,4
DA:18,3
DA:19,3
DA:21,3
DA:22,1
DA:28,2
DA:29,0
DA:35,2
DA:36,0
DA:42,2
DA:43,0
DA:49,2
DA:57,2
DA:59,1
DA:67,1
DA:79,2
DA:80,2
DA:81,2
DA:82,0
DA:88,2
DA:89,2
DA:90,1
DA:96,1
DA:104,0
LF:25
LH:20
BRDA:21,0,0,1
BRDA:21,1,0,3
BRDA:21,1,1,2
BRDA:28,2,0,0
BRDA:35,3,0,0
BRDA:42,4,0,0
BRDA:72,5,0,1
BRDA:72,5,1,0
BRDA:81,6,0,0
BRDA:89,7,0,1
BRF:10
BRH:5
end_of_record
TN:
SF:src/repository/payment.repository.ts
FN:22,(anonymous_0)
FN:43,(anonymous_1)
FN:47,(anonymous_2)
FN:53,(anonymous_3)
FN:69,(anonymous_4)
FNF:5
FNH:5
FNDA:12,(anonymous_0)
FNDA:7,(anonymous_1)
FNDA:8,(anonymous_2)
FNDA:2,(anonymous_3)
FNDA:24,(anonymous_4)
DA:18,3
DA:19,23
DA:20,23
DA:23,12
DA:24,12
DA:25,1
DA:26,1
DA:29,11
DA:30,11
DA:31,11
DA:38,11
DA:39,11
DA:40,11
DA:44,7
DA:48,8
DA:49,8
DA:50,2
DA:54,2
DA:55,2
DA:56,1
DA:59,1
DA:65,1
DA:66,1
DA:70,24
DA:71,24
LF:25
LH:25
BRDA:24,0,0,1
BRDA:26,1,0,1
BRDA:44,2,0,7
BRDA:44,2,1,2
BRDA:49,3,0,6
BRDA:55,4,0,1
BRF:6
BRH:6
end_of_record
TN:
SF:src/services/payment.service.ts
FN:24,(anonymous_0)
FN:26,(anonymous_1)
FN:39,(anonymous_2)
FN:54,(anonymous_3)
FN:91,(anonymous_4)
FNF:5
FNH:5
FNDA:13,(anonymous_0)
FNDA:6,(anonymous_1)
FNDA:9,(anonymous_2)
FNDA:5,(anonymous_3)
FNDA:2,(anonymous_4)
DA:20,2
DA:21,13
DA:22,13
DA:24,13
DA:27,6
DA:29,3
DA:31,2
DA:33,1
DA:35,0
DA:40,9
DA:41,1
DA:43,8
DA:44,1
DA:46,7
DA:47,1
DA:49,6
DA:50,2
DA:55,5
DA:57,4
DA:58,4
DA:59,1
DA:68,3
DA:69,3
DA:71,3
DA:82,3
DA:92,2
LF:26
LH:25
BRDA:27,0,0,3
BRDA:27,0,1,2
BRDA:27,0,2,1
BRDA:27,0,3,0
BRDA:40,1,0,1
BRDA:40,2,0,9
BRDA:40,2,1,8
BRDA:43,3,0,1
BRDA:43,4,0,8
BRDA:43,4,1,8
BRDA:43,4,2,8
BRDA:46,5,0,1
BRDA:49,6,0,2
BRDA:58,7,0,1
BRF:14
BRH:13
end_of_record
