{"/home/piva/Documentos/Programação/hackathon/hotel-app/src/controllers/hotel.controller.ts": {"path":"/home/piva/Documentos/Programação/hackathon/hotel-app/src/controllers/hotel.controller.ts","statementMap":{"0":{"start":{"line":15,"column":31},"end":{"line":15,"column":57}},"1":{"start":{"line":18,"column":61},"end":{"line":18,"column":69}},"2":{"start":{"line":20,"column":4},"end":{"line":25,"column":5}},"3":{"start":{"line":21,"column":6},"end":{"line":24,"column":8}},"4":{"start":{"line":27,"column":32},"end":{"line":33,"column":6}},"5":{"start":{"line":35,"column":4},"end":{"line":51,"column":5}},"6":{"start":{"line":36,"column":21},"end":{"line":36,"column":65}},"7":{"start":{"line":37,"column":6},"end":{"line":39,"column":7}},"8":{"start":{"line":38,"column":8},"end":{"line":38,"column":49}},"9":{"start":{"line":40,"column":6},"end":{"line":40,"column":72}},"10":{"start":{"line":42,"column":22},"end":{"line":42,"column":74}},"11":{"start":{"line":43,"column":6},"end":{"line":49,"column":7}},"12":{"start":{"line":48,"column":8},"end":{"line":48,"column":84}},"13":{"start":{"line":50,"column":6},"end":{"line":50,"column":98}},"14":{"start":{"line":55,"column":22},"end":{"line":55,"column":36}},"15":{"start":{"line":56,"column":4},"end":{"line":58,"column":5}},"16":{"start":{"line":57,"column":6},"end":{"line":57,"column":99}},"17":{"start":{"line":60,"column":24},"end":{"line":62,"column":18}},"18":{"start":{"line":64,"column":4},"end":{"line":76,"column":5}},"19":{"start":{"line":65,"column":21},"end":{"line":65,"column":82}},"20":{"start":{"line":66,"column":6},"end":{"line":71,"column":7}},"21":{"start":{"line":67,"column":8},"end":{"line":69,"column":9}},"22":{"start":{"line":68,"column":10},"end":{"line":68,"column":51}},"23":{"start":{"line":70,"column":8},"end":{"line":70,"column":49}},"24":{"start":{"line":72,"column":6},"end":{"line":72,"column":72}},"25":{"start":{"line":74,"column":22},"end":{"line":74,"column":74}},"26":{"start":{"line":75,"column":6},"end":{"line":75,"column":82}},"27":{"start":{"line":80,"column":22},"end":{"line":80,"column":36}},"28":{"start":{"line":81,"column":4},"end":{"line":83,"column":5}},"29":{"start":{"line":82,"column":6},"end":{"line":82,"column":99}},"30":{"start":{"line":85,"column":4},"end":{"line":94,"column":5}},"31":{"start":{"line":86,"column":22},"end":{"line":86,"column":67}},"32":{"start":{"line":87,"column":6},"end":{"line":89,"column":7}},"33":{"start":{"line":88,"column":8},"end":{"line":88,"column":109}},"34":{"start":{"line":90,"column":6},"end":{"line":90,"column":73}},"35":{"start":{"line":92,"column":22},"end":{"line":92,"column":74}},"36":{"start":{"line":93,"column":6},"end":{"line":93,"column":82}},"37":{"start":{"line":14,"column":0},"end":{"line":14,"column":13}}},"fnMap":{"0":{"name":"(anonymous_0)","decl":{"start":{"line":15,"column":2},"end":{"line":15,"column":31}},"loc":{"start":{"line":15,"column":57},"end":{"line":15,"column":61}}},"1":{"name":"(anonymous_1)","decl":{"start":{"line":17,"column":9},"end":{"line":17,"column":14}},"loc":{"start":{"line":17,"column":51},"end":{"line":52,"column":3}}},"2":{"name":"(anonymous_2)","decl":{"start":{"line":54,"column":9},"end":{"line":54,"column":14}},"loc":{"start":{"line":54,"column":51},"end":{"line":77,"column":3}}},"3":{"name":"(anonymous_3)","decl":{"start":{"line":79,"column":9},"end":{"line":79,"column":14}},"loc":{"start":{"line":79,"column":48},"end":{"line":95,"column":3}}}},"branchMap":{"0":{"loc":{"start":{"line":20,"column":4},"end":{"line":25,"column":5}},"type":"if","locations":[{"start":{"line":20,"column":4},"end":{"line":25,"column":5}}]},"1":{"loc":{"start":{"line":20,"column":8},"end":{"line":20,"column":52}},"type":"binary-expr","locations":[{"start":{"line":20,"column":8},"end":{"line":20,"column":16}},{"start":{"line":20,"column":20},"end":{"line":20,"column":27}},{"start":{"line":20,"column":31},"end":{"line":20,"column":39}},{"start":{"line":20,"column":43},"end":{"line":20,"column":52}}]},"2":{"loc":{"start":{"line":37,"column":6},"end":{"line":39,"column":7}},"type":"if","locations":[{"start":{"line":37,"column":6},"end":{"line":39,"column":7}}]},"3":{"loc":{"start":{"line":42,"column":22},"end":{"line":42,"column":74}},"type":"cond-expr","locations":[{"start":{"line":42,"column":45},"end":{"line":42,"column":56}},{"start":{"line":42,"column":59},"end":{"line":42,"column":74}}]},"4":{"loc":{"start":{"line":43,"column":6},"end":{"line":49,"column":7}},"type":"if","locations":[{"start":{"line":43,"column":6},"end":{"line":49,"column":7}}]},"5":{"loc":{"start":{"line":44,"column":8},"end":{"line":46,"column":45}},"type":"binary-expr","locations":[{"start":{"line":44,"column":8},"end":{"line":44,"column":37}},{"start":{"line":45,"column":8},"end":{"line":45,"column":41}},{"start":{"line":46,"column":8},"end":{"line":46,"column":45}}]},"6":{"loc":{"start":{"line":56,"column":4},"end":{"line":58,"column":5}},"type":"if","locations":[{"start":{"line":56,"column":4},"end":{"line":58,"column":5}}]},"7":{"loc":{"start":{"line":60,"column":24},"end":{"line":62,"column":18}},"type":"cond-expr","locations":[{"start":{"line":61,"column":8},"end":{"line":61,"column":48}},{"start":{"line":62,"column":8},"end":{"line":62,"column":18}}]},"8":{"loc":{"start":{"line":66,"column":6},"end":{"line":71,"column":7}},"type":"if","locations":[{"start":{"line":66,"column":6},"end":{"line":71,"column":7}}]},"9":{"loc":{"start":{"line":67,"column":8},"end":{"line":69,"column":9}},"type":"if","locations":[{"start":{"line":67,"column":8},"end":{"line":69,"column":9}}]},"10":{"loc":{"start":{"line":74,"column":22},"end":{"line":74,"column":74}},"type":"cond-expr","locations":[{"start":{"line":74,"column":45},"end":{"line":74,"column":56}},{"start":{"line":74,"column":59},"end":{"line":74,"column":74}}]},"11":{"loc":{"start":{"line":81,"column":4},"end":{"line":83,"column":5}},"type":"if","locations":[{"start":{"line":81,"column":4},"end":{"line":83,"column":5}}]},"12":{"loc":{"start":{"line":87,"column":6},"end":{"line":89,"column":7}},"type":"if","locations":[{"start":{"line":87,"column":6},"end":{"line":89,"column":7}}]},"13":{"loc":{"start":{"line":92,"column":22},"end":{"line":92,"column":74}},"type":"cond-expr","locations":[{"start":{"line":92,"column":45},"end":{"line":92,"column":56}},{"start":{"line":92,"column":59},"end":{"line":92,"column":74}}]}},"s":{"0":13,"1":11,"2":11,"3":1,"4":10,"5":10,"6":10,"7":7,"8":0,"9":7,"10":3,"11":3,"12":3,"13":0,"14":6,"15":6,"16":1,"17":5,"18":5,"19":5,"20":5,"21":2,"22":1,"23":1,"24":3,"25":0,"26":0,"27":4,"28":4,"29":1,"30":3,"31":3,"32":3,"33":1,"34":2,"35":0,"36":0,"37":1},"f":{"0":13,"1":11,"2":6,"3":4},"b":{"0":[1],"1":[11,11,10,10],"2":[0],"3":[3,0],"4":[3],"5":[3,2,1],"6":[1],"7":[5,0],"8":[2],"9":[1],"10":[0,0],"11":[1],"12":[1],"13":[0,0]}}
,"/home/piva/Documentos/Programação/hackathon/hotel-app/src/repository/hotel.repository.ts": {"path":"/home/piva/Documentos/Programação/hackathon/hotel-app/src/repository/hotel.repository.ts","statementMap":{"0":{"start":{"line":41,"column":19},"end":{"line":41,"column":56}},"1":{"start":{"line":42,"column":19},"end":{"line":42,"column":68}},"2":{"start":{"line":43,"column":19},"end":{"line":43,"column":65}},"3":{"start":{"line":46,"column":15},"end":{"line":46,"column":81}},"4":{"start":{"line":47,"column":26},"end":{"line":47,"column":41}},"5":{"start":{"line":48,"column":4},"end":{"line":48,"column":32}},"6":{"start":{"line":49,"column":4},"end":{"line":49,"column":19}},"7":{"start":{"line":53,"column":4},"end":{"line":53,"column":38}},"8":{"start":{"line":57,"column":16},"end":{"line":57,"column":72}},"9":{"start":{"line":57,"column":60},"end":{"line":57,"column":71}},"10":{"start":{"line":58,"column":4},"end":{"line":58,"column":57}},"11":{"start":{"line":58,"column":34},"end":{"line":58,"column":49}},"12":{"start":{"line":62,"column":17},"end":{"line":62,"column":35}},"13":{"start":{"line":63,"column":4},"end":{"line":63,"column":63}},"14":{"start":{"line":63,"column":15},"end":{"line":63,"column":63}},"15":{"start":{"line":64,"column":26},"end":{"line":64,"column":48}},"16":{"start":{"line":65,"column":4},"end":{"line":65,"column":32}},"17":{"start":{"line":66,"column":4},"end":{"line":66,"column":19}},"18":{"start":{"line":70,"column":15},"end":{"line":70,"column":84}},"19":{"start":{"line":71,"column":16},"end":{"line":71,"column":26}},"20":{"start":{"line":72,"column":34},"end":{"line":78,"column":6}},"21":{"start":{"line":79,"column":4},"end":{"line":79,"column":34}},"22":{"start":{"line":81,"column":26},"end":{"line":81,"column":66}},"23":{"start":{"line":82,"column":4},"end":{"line":82,"column":27}},"24":{"start":{"line":83,"column":4},"end":{"line":83,"column":54}},"25":{"start":{"line":85,"column":4},"end":{"line":85,"column":18}},"26":{"start":{"line":89,"column":4},"end":{"line":89,"column":41}},"27":{"start":{"line":93,"column":16},"end":{"line":93,"column":50}},"28":{"start":{"line":94,"column":4},"end":{"line":94,"column":99}},"29":{"start":{"line":94,"column":25},"end":{"line":94,"column":46}},"30":{"start":{"line":94,"column":82},"end":{"line":94,"column":97}},"31":{"start":{"line":98,"column":20},"end":{"line":98,"column":41}},"32":{"start":{"line":99,"column":4},"end":{"line":99,"column":69}},"33":{"start":{"line":99,"column":18},"end":{"line":99,"column":69}},"34":{"start":{"line":100,"column":35},"end":{"line":100,"column":80}},"35":{"start":{"line":101,"column":4},"end":{"line":101,"column":35}},"36":{"start":{"line":102,"column":4},"end":{"line":102,"column":19}},"37":{"start":{"line":106,"column":21},"end":{"line":106,"column":62}},"38":{"start":{"line":107,"column":4},"end":{"line":107,"column":93}},"39":{"start":{"line":107,"column":32},"end":{"line":107,"column":84}},"40":{"start":{"line":111,"column":4},"end":{"line":111,"column":23}},"41":{"start":{"line":112,"column":4},"end":{"line":112,"column":26}},"42":{"start":{"line":113,"column":4},"end":{"line":113,"column":28}},"43":{"start":{"line":40,"column":0},"end":{"line":40,"column":13}}},"fnMap":{"0":{"name":"(anonymous_0)","decl":{"start":{"line":40,"column":0},"end":{"line":40,"column":13}},"loc":{"start":{"line":40,"column":0},"end":{"line":115,"column":1}}},"1":{"name":"(anonymous_1)","decl":{"start":{"line":45,"column":2},"end":{"line":45,"column":7}},"loc":{"start":{"line":45,"column":41},"end":{"line":50,"column":3}}},"2":{"name":"(anonymous_2)","decl":{"start":{"line":52,"column":2},"end":{"line":52,"column":7}},"loc":{"start":{"line":52,"column":31},"end":{"line":54,"column":3}}},"3":{"name":"(anonymous_3)","decl":{"start":{"line":56,"column":2},"end":{"line":56,"column":7}},"loc":{"start":{"line":56,"column":42},"end":{"line":59,"column":3}}},"4":{"name":"(anonymous_4)","decl":{"start":{"line":57,"column":55},"end":{"line":57,"column":56}},"loc":{"start":{"line":57,"column":60},"end":{"line":57,"column":71}}},"5":{"name":"(anonymous_5)","decl":{"start":{"line":58,"column":29},"end":{"line":58,"column":30}},"loc":{"start":{"line":58,"column":34},"end":{"line":58,"column":49}}},"6":{"name":"(anonymous_6)","decl":{"start":{"line":61,"column":2},"end":{"line":61,"column":7}},"loc":{"start":{"line":61,"column":61},"end":{"line":67,"column":3}}},"7":{"name":"(anonymous_7)","decl":{"start":{"line":69,"column":2},"end":{"line":69,"column":7}},"loc":{"start":{"line":69,"column":47},"end":{"line":86,"column":3}}},"8":{"name":"(anonymous_8)","decl":{"start":{"line":88,"column":2},"end":{"line":88,"column":7}},"loc":{"start":{"line":88,"column":34},"end":{"line":90,"column":3}}},"9":{"name":"(anonymous_9)","decl":{"start":{"line":92,"column":2},"end":{"line":92,"column":7}},"loc":{"start":{"line":92,"column":45},"end":{"line":95,"column":3}}},"10":{"name":"(anonymous_10)","decl":{"start":{"line":94,"column":19},"end":{"line":94,"column":21}},"loc":{"start":{"line":94,"column":25},"end":{"line":94,"column":46}}},"11":{"name":"(anonymous_11)","decl":{"start":{"line":94,"column":55},"end":{"line":94,"column":56}},"loc":{"start":{"line":94,"column":82},"end":{"line":94,"column":97}}},"12":{"name":"(anonymous_12)","decl":{"start":{"line":97,"column":2},"end":{"line":97,"column":7}},"loc":{"start":{"line":97,"column":61},"end":{"line":103,"column":3}}},"13":{"name":"(anonymous_13)","decl":{"start":{"line":105,"column":2},"end":{"line":105,"column":7}},"loc":{"start":{"line":105,"column":46},"end":{"line":108,"column":3}}},"14":{"name":"(anonymous_14)","decl":{"start":{"line":107,"column":27},"end":{"line":107,"column":28}},"loc":{"start":{"line":107,"column":32},"end":{"line":107,"column":84}}},"15":{"name":"(anonymous_15)","decl":{"start":{"line":110,"column":2},"end":{"line":110,"column":7}},"loc":{"start":{"line":110,"column":13},"end":{"line":114,"column":3}}}},"branchMap":{"0":{"loc":{"start":{"line":53,"column":11},"end":{"line":53,"column":37}},"type":"binary-expr","locations":[{"start":{"line":53,"column":11},"end":{"line":53,"column":29}},{"start":{"line":53,"column":33},"end":{"line":53,"column":37}}]},"1":{"loc":{"start":{"line":58,"column":11},"end":{"line":58,"column":56}},"type":"cond-expr","locations":[{"start":{"line":58,"column":18},"end":{"line":58,"column":50}},{"start":{"line":58,"column":53},"end":{"line":58,"column":56}}]},"2":{"loc":{"start":{"line":63,"column":4},"end":{"line":63,"column":63}},"type":"if","locations":[{"start":{"line":63,"column":4},"end":{"line":63,"column":63}}]},"3":{"loc":{"start":{"line":81,"column":26},"end":{"line":81,"column":66}},"type":"binary-expr","locations":[{"start":{"line":81,"column":26},"end":{"line":81,"column":60}},{"start":{"line":81,"column":64},"end":{"line":81,"column":66}}]},"4":{"loc":{"start":{"line":89,"column":11},"end":{"line":89,"column":40}},"type":"binary-expr","locations":[{"start":{"line":89,"column":11},"end":{"line":89,"column":32}},{"start":{"line":89,"column":36},"end":{"line":89,"column":40}}]},"5":{"loc":{"start":{"line":93,"column":16},"end":{"line":93,"column":50}},"type":"binary-expr","locations":[{"start":{"line":93,"column":16},"end":{"line":93,"column":44}},{"start":{"line":93,"column":48},"end":{"line":93,"column":50}}]},"6":{"loc":{"start":{"line":99,"column":4},"end":{"line":99,"column":69}},"type":"if","locations":[{"start":{"line":99,"column":4},"end":{"line":99,"column":69}}]},"7":{"loc":{"start":{"line":107,"column":32},"end":{"line":107,"column":84}},"type":"binary-expr","locations":[{"start":{"line":107,"column":32},"end":{"line":107,"column":56}},{"start":{"line":107,"column":60},"end":{"line":107,"column":84}}]}},"s":{"0":52,"1":52,"2":52,"3":51,"4":51,"5":51,"6":51,"7":44,"8":3,"9":4,"10":3,"11":2,"12":30,"13":30,"14":1,"15":29,"16":29,"17":29,"18":26,"19":26,"20":26,"21":26,"22":26,"23":26,"24":26,"25":26,"26":18,"27":2,"28":2,"29":4,"30":4,"31":12,"32":12,"33":1,"34":11,"35":11,"36":11,"37":1,"38":1,"39":2,"40":53,"41":53,"42":53,"43":3},"f":{"0":52,"1":51,"2":44,"3":3,"4":4,"5":2,"6":30,"7":26,"8":18,"9":2,"10":4,"11":4,"12":12,"13":1,"14":2,"15":53},"b":{"0":[44,3],"1":[1,2],"2":[1],"3":[26,24],"4":[18,4],"5":[2,0],"6":[1],"7":[2,1]}}
,"/home/piva/Documentos/Programação/hackathon/hotel-app/src/services/hotel.service.ts": {"path":"/home/piva/Documentos/Programação/hackathon/hotel-app/src/services/hotel.service.ts","statementMap":{"0":{"start":{"line":41,"column":31},"end":{"line":41,"column":58}},"1":{"start":{"line":45,"column":23},"end":{"line":45,"column":102}},"2":{"start":{"line":46,"column":24},"end":{"line":46,"column":106}},"3":{"start":{"line":47,"column":19},"end":{"line":47,"column":81}},"4":{"start":{"line":48,"column":4},"end":{"line":50,"column":5}},"5":{"start":{"line":49,"column":6},"end":{"line":49,"column":75}},"6":{"start":{"line":51,"column":4},"end":{"line":51,"column":18}},"7":{"start":{"line":55,"column":4},"end":{"line":55,"column":48}},"8":{"start":{"line":59,"column":27},"end":{"line":59,"column":81}},"9":{"start":{"line":60,"column":30},"end":{"line":60,"column":63}},"10":{"start":{"line":62,"column":4},"end":{"line":68,"column":5}},"11":{"start":{"line":63,"column":6},"end":{"line":63,"column":46}},"12":{"start":{"line":64,"column":11},"end":{"line":68,"column":5}},"13":{"start":{"line":65,"column":6},"end":{"line":65,"column":54}},"14":{"start":{"line":67,"column":6},"end":{"line":67,"column":15}},"15":{"start":{"line":72,"column":4},"end":{"line":74,"column":5}},"16":{"start":{"line":73,"column":6},"end":{"line":73,"column":46}},"17":{"start":{"line":75,"column":4},"end":{"line":77,"column":5}},"18":{"start":{"line":76,"column":6},"end":{"line":76,"column":45}},"19":{"start":{"line":78,"column":4},"end":{"line":80,"column":5}},"20":{"start":{"line":79,"column":6},"end":{"line":79,"column":50}},"21":{"start":{"line":81,"column":4},"end":{"line":83,"column":5}},"22":{"start":{"line":82,"column":6},"end":{"line":82,"column":51}},"23":{"start":{"line":86,"column":4},"end":{"line":86,"column":56}},"24":{"start":{"line":88,"column":17},"end":{"line":88,"column":65}},"25":{"start":{"line":89,"column":4},"end":{"line":91,"column":5}},"26":{"start":{"line":90,"column":6},"end":{"line":90,"column":56}},"27":{"start":{"line":92,"column":4},"end":{"line":94,"column":5}},"28":{"start":{"line":93,"column":6},"end":{"line":93,"column":63}},"29":{"start":{"line":98,"column":4},"end":{"line":98,"column":43}},"30":{"start":{"line":100,"column":17},"end":{"line":100,"column":65}},"31":{"start":{"line":101,"column":4},"end":{"line":103,"column":5}},"32":{"start":{"line":102,"column":6},"end":{"line":102,"column":133}},"33":{"start":{"line":105,"column":19},"end":{"line":105,"column":70}},"34":{"start":{"line":106,"column":21},"end":{"line":106,"column":69}},"35":{"start":{"line":107,"column":24},"end":{"line":107,"column":60}},"36":{"start":{"line":108,"column":18},"end":{"line":108,"column":61}},"37":{"start":{"line":110,"column":4},"end":{"line":110,"column":70}},"38":{"start":{"line":112,"column":19},"end":{"line":122,"column":6}},"39":{"start":{"line":124,"column":4},"end":{"line":132,"column":6}},"40":{"start":{"line":136,"column":20},"end":{"line":136,"column":68}},"41":{"start":{"line":137,"column":4},"end":{"line":139,"column":5}},"42":{"start":{"line":138,"column":6},"end":{"line":138,"column":118}},"43":{"start":{"line":141,"column":4},"end":{"line":143,"column":5}},"44":{"start":{"line":142,"column":6},"end":{"line":142,"column":116}},"45":{"start":{"line":144,"column":4},"end":{"line":146,"column":5}},"46":{"start":{"line":145,"column":6},"end":{"line":145,"column":126}},"47":{"start":{"line":148,"column":25},"end":{"line":148,"column":67}},"48":{"start":{"line":149,"column":29},"end":{"line":149,"column":101}},"49":{"start":{"line":151,"column":4},"end":{"line":151,"column":70}},"50":{"start":{"line":152,"column":4},"end":{"line":152,"column":71}},"51":{"start":{"line":154,"column":4},"end":{"line":154,"column":61}},"52":{"start":{"line":158,"column":4},"end":{"line":158,"column":47}},"53":{"start":{"line":34,"column":0},"end":{"line":34,"column":13}},"54":{"start":{"line":35,"column":26},"end":{"line":39,"column":4}}},"fnMap":{"0":{"name":"(anonymous_0)","decl":{"start":{"line":41,"column":2},"end":{"line":41,"column":31}},"loc":{"start":{"line":41,"column":58},"end":{"line":41,"column":62}}},"1":{"name":"(anonymous_1)","decl":{"start":{"line":43,"column":9},"end":{"line":43,"column":24}},"loc":{"start":{"line":43,"column":54},"end":{"line":52,"column":3}}},"2":{"name":"(anonymous_2)","decl":{"start":{"line":54,"column":9},"end":{"line":54,"column":29}},"loc":{"start":{"line":54,"column":48},"end":{"line":56,"column":3}}},"3":{"name":"(anonymous_3)","decl":{"start":{"line":58,"column":9},"end":{"line":58,"column":24}},"loc":{"start":{"line":58,"column":71},"end":{"line":69,"column":3}}},"4":{"name":"(anonymous_4)","decl":{"start":{"line":71,"column":9},"end":{"line":71,"column":14}},"loc":{"start":{"line":71,"column":55},"end":{"line":95,"column":3}}},"5":{"name":"(anonymous_5)","decl":{"start":{"line":97,"column":9},"end":{"line":97,"column":14}},"loc":{"start":{"line":97,"column":48},"end":{"line":133,"column":3}}},"6":{"name":"(anonymous_6)","decl":{"start":{"line":135,"column":9},"end":{"line":135,"column":14}},"loc":{"start":{"line":135,"column":65},"end":{"line":155,"column":3}}},"7":{"name":"(anonymous_7)","decl":{"start":{"line":157,"column":9},"end":{"line":157,"column":14}},"loc":{"start":{"line":157,"column":36},"end":{"line":159,"column":3}}}},"branchMap":{"0":{"loc":{"start":{"line":48,"column":4},"end":{"line":50,"column":5}},"type":"if","locations":[{"start":{"line":48,"column":4},"end":{"line":50,"column":5}}]},"1":{"loc":{"start":{"line":62,"column":4},"end":{"line":68,"column":5}},"type":"if","locations":[{"start":{"line":62,"column":4},"end":{"line":68,"column":5}},{"start":{"line":64,"column":11},"end":{"line":68,"column":5}}]},"2":{"loc":{"start":{"line":64,"column":11},"end":{"line":68,"column":5}},"type":"if","locations":[{"start":{"line":64,"column":11},"end":{"line":68,"column":5}},{"start":{"line":66,"column":11},"end":{"line":68,"column":5}}]},"3":{"loc":{"start":{"line":72,"column":4},"end":{"line":74,"column":5}},"type":"if","locations":[{"start":{"line":72,"column":4},"end":{"line":74,"column":5}}]},"4":{"loc":{"start":{"line":72,"column":8},"end":{"line":72,"column":59}},"type":"binary-expr","locations":[{"start":{"line":72,"column":8},"end":{"line":72,"column":22}},{"start":{"line":72,"column":26},"end":{"line":72,"column":59}}]},"5":{"loc":{"start":{"line":75,"column":4},"end":{"line":77,"column":5}},"type":"if","locations":[{"start":{"line":75,"column":4},"end":{"line":77,"column":5}}]},"6":{"loc":{"start":{"line":75,"column":8},"end":{"line":75,"column":57}},"type":"binary-expr","locations":[{"start":{"line":75,"column":8},"end":{"line":75,"column":21}},{"start":{"line":75,"column":25},"end":{"line":75,"column":57}}]},"7":{"loc":{"start":{"line":78,"column":4},"end":{"line":80,"column":5}},"type":"if","locations":[{"start":{"line":78,"column":4},"end":{"line":80,"column":5}}]},"8":{"loc":{"start":{"line":78,"column":8},"end":{"line":78,"column":74}},"type":"binary-expr","locations":[{"start":{"line":78,"column":8},"end":{"line":78,"column":40}},{"start":{"line":78,"column":44},"end":{"line":78,"column":74}}]},"9":{"loc":{"start":{"line":81,"column":4},"end":{"line":83,"column":5}},"type":"if","locations":[{"start":{"line":81,"column":4},"end":{"line":83,"column":5}}]},"10":{"loc":{"start":{"line":81,"column":8},"end":{"line":81,"column":76}},"type":"binary-expr","locations":[{"start":{"line":81,"column":8},"end":{"line":81,"column":41}},{"start":{"line":81,"column":45},"end":{"line":81,"column":76}}]},"11":{"loc":{"start":{"line":89,"column":4},"end":{"line":91,"column":5}},"type":"if","locations":[{"start":{"line":89,"column":4},"end":{"line":91,"column":5}}]},"12":{"loc":{"start":{"line":92,"column":4},"end":{"line":94,"column":5}},"type":"if","locations":[{"start":{"line":92,"column":4},"end":{"line":94,"column":5}}]},"13":{"loc":{"start":{"line":101,"column":4},"end":{"line":103,"column":5}},"type":"if","locations":[{"start":{"line":101,"column":4},"end":{"line":103,"column":5}}]},"14":{"loc":{"start":{"line":137,"column":4},"end":{"line":139,"column":5}},"type":"if","locations":[{"start":{"line":137,"column":4},"end":{"line":139,"column":5}}]},"15":{"loc":{"start":{"line":141,"column":4},"end":{"line":143,"column":5}},"type":"if","locations":[{"start":{"line":141,"column":4},"end":{"line":143,"column":5}}]},"16":{"loc":{"start":{"line":144,"column":4},"end":{"line":146,"column":5}},"type":"if","locations":[{"start":{"line":144,"column":4},"end":{"line":146,"column":5}}]},"17":{"loc":{"start":{"line":149,"column":29},"end":{"line":149,"column":101}},"type":"cond-expr","locations":[{"start":{"line":149,"column":49},"end":{"line":149,"column":97}},{"start":{"line":149,"column":100},"end":{"line":149,"column":101}}]}},"s":{"0":39,"1":44,"2":44,"3":44,"4":44,"5":4,"6":40,"7":20,"8":11,"9":11,"10":11,"11":7,"12":4,"13":2,"14":2,"15":26,"16":1,"17":25,"18":1,"19":24,"20":0,"21":24,"22":0,"23":24,"24":22,"25":22,"26":2,"27":20,"28":3,"29":21,"30":17,"31":17,"32":0,"33":17,"34":17,"35":17,"36":17,"37":17,"38":17,"39":17,"40":13,"41":13,"42":2,"43":11,"44":2,"45":9,"46":1,"47":8,"48":8,"49":8,"50":8,"51":8,"52":5,"53":2,"54":2},"f":{"0":39,"1":44,"2":20,"3":11,"4":26,"5":21,"6":13,"7":5},"b":{"0":[4],"1":[7,4],"2":[2,2],"3":[1],"4":[26,25],"5":[1],"6":[25,24],"7":[0],"8":[24,24],"9":[0],"10":[24,24],"11":[2],"12":[3],"13":[0],"14":[2],"15":[2],"16":[1],"17":[8,0]}}
}
