TN:
SF:src/controllers/hotel.controller.ts
FN:15,(anonymous_0)
FN:17,(anonymous_1)
FN:54,(anonymous_2)
FN:79,(anonymous_3)
FNF:4
FNH:4
FNDA:13,(anonymous_0)
FNDA:11,(anonymous_1)
FNDA:6,(anonymous_2)
FNDA:4,(anonymous_3)
DA:14,1
DA:15,13
DA:18,11
DA:20,11
DA:21,1
DA:27,10
DA:35,10
DA:36,10
DA:37,7
DA:38,0
DA:40,7
DA:42,3
DA:43,3
DA:48,3
DA:50,0
DA:55,6
DA:56,6
DA:57,1
DA:60,5
DA:64,5
DA:65,5
DA:66,5
DA:67,2
DA:68,1
DA:70,1
DA:72,3
DA:74,0
DA:75,0
DA:80,4
DA:81,4
DA:82,1
DA:85,3
DA:86,3
DA:87,3
DA:88,1
DA:90,2
DA:92,0
DA:93,0
LF:38
LH:32
BRDA:20,0,0,1
BRDA:20,1,0,11
BRDA:20,1,1,11
BRDA:20,1,2,10
BRDA:20,1,3,10
BRDA:37,2,0,0
BRDA:42,3,0,3
BRDA:42,3,1,0
BRDA:43,4,0,3
BRDA:44,5,0,3
BRDA:44,5,1,2
BRDA:44,5,2,1
BRDA:56,6,0,1
BRDA:60,7,0,5
BRDA:60,7,1,0
BRDA:66,8,0,2
BRDA:67,9,0,1
BRDA:74,10,0,0
BRDA:74,10,1,0
BRDA:81,11,0,1
BRDA:87,12,0,1
BRDA:92,13,0,0
BRDA:92,13,1,0
BRF:23
BRH:16
end_of_record
TN:
SF:src/repository/hotel.repository.ts
FN:40,(anonymous_0)
FN:45,(anonymous_1)
FN:52,(anonymous_2)
FN:56,(anonymous_3)
FN:57,(anonymous_4)
FN:58,(anonymous_5)
FN:61,(anonymous_6)
FN:69,(anonymous_7)
FN:88,(anonymous_8)
FN:92,(anonymous_9)
FN:94,(anonymous_10)
FN:94,(anonymous_11)
FN:97,(anonymous_12)
FN:105,(anonymous_13)
FN:107,(anonymous_14)
FN:110,(anonymous_15)
FNF:16
FNH:16
FNDA:52,(anonymous_0)
FNDA:51,(anonymous_1)
FNDA:44,(anonymous_2)
FNDA:3,(anonymous_3)
FNDA:4,(anonymous_4)
FNDA:2,(anonymous_5)
FNDA:30,(anonymous_6)
FNDA:26,(anonymous_7)
FNDA:18,(anonymous_8)
FNDA:2,(anonymous_9)
FNDA:4,(anonymous_10)
FNDA:4,(anonymous_11)
FNDA:12,(anonymous_12)
FNDA:1,(anonymous_13)
FNDA:2,(anonymous_14)
FNDA:53,(anonymous_15)
DA:40,3
DA:41,52
DA:42,52
DA:43,52
DA:46,51
DA:47,51
DA:48,51
DA:49,51
DA:53,44
DA:57,4
DA:58,3
DA:62,30
DA:63,30
DA:64,29
DA:65,29
DA:66,29
DA:70,26
DA:71,26
DA:72,26
DA:79,26
DA:81,26
DA:82,26
DA:83,26
DA:85,26
DA:89,18
DA:93,2
DA:94,4
DA:98,12
DA:99,12
DA:100,11
DA:101,11
DA:102,11
DA:106,1
DA:107,2
DA:111,53
DA:112,53
DA:113,53
LF:37
LH:37
BRDA:53,0,0,44
BRDA:53,0,1,3
BRDA:58,1,0,1
BRDA:58,1,1,2
BRDA:63,2,0,1
BRDA:81,3,0,26
BRDA:81,3,1,24
BRDA:89,4,0,18
BRDA:89,4,1,4
BRDA:93,5,0,2
BRDA:93,5,1,0
BRDA:99,6,0,1
BRDA:107,7,0,2
BRDA:107,7,1,1
BRF:14
BRH:13
end_of_record
TN:
SF:src/services/hotel.service.ts
FN:41,(anonymous_0)
FN:43,(anonymous_1)
FN:54,(anonymous_2)
FN:58,(anonymous_3)
FN:71,(anonymous_4)
FN:97,(anonymous_5)
FN:135,(anonymous_6)
FN:157,(anonymous_7)
FNF:8
FNH:8
FNDA:39,(anonymous_0)
FNDA:44,(anonymous_1)
FNDA:20,(anonymous_2)
FNDA:11,(anonymous_3)
FNDA:26,(anonymous_4)
FNDA:21,(anonymous_5)
FNDA:13,(anonymous_6)
FNDA:5,(anonymous_7)
DA:34,2
DA:35,2
DA:41,39
DA:45,44
DA:46,44
DA:47,44
DA:48,44
DA:49,4
DA:51,40
DA:55,20
DA:59,11
DA:60,11
DA:62,11
DA:63,7
DA:64,4
DA:65,2
DA:67,2
DA:72,26
DA:73,1
DA:75,25
DA:76,1
DA:78,24
DA:79,0
DA:81,24
DA:82,0
DA:86,24
DA:88,22
DA:89,22
DA:90,2
DA:92,20
DA:93,3
DA:98,21
DA:100,17
DA:101,17
DA:102,0
DA:105,17
DA:106,17
DA:107,17
DA:108,17
DA:110,17
DA:112,17
DA:124,17
DA:136,13
DA:137,13
DA:138,2
DA:141,11
DA:142,2
DA:144,9
DA:145,1
DA:148,8
DA:149,8
DA:151,8
DA:152,8
DA:154,8
DA:158,5
LF:55
LH:52
BRDA:48,0,0,4
BRDA:62,1,0,7
BRDA:62,1,1,4
BRDA:64,2,0,2
BRDA:64,2,1,2
BRDA:72,3,0,1
BRDA:72,4,0,26
BRDA:72,4,1,25
BRDA:75,5,0,1
BRDA:75,6,0,25
BRDA:75,6,1,24
BRDA:78,7,0,0
BRDA:78,8,0,24
BRDA:78,8,1,24
BRDA:81,9,0,0
BRDA:81,10,0,24
BRDA:81,10,1,24
BRDA:89,11,0,2
BRDA:92,12,0,3
BRDA:101,13,0,0
BRDA:137,14,0,2
BRDA:141,15,0,2
BRDA:144,16,0,1
BRDA:149,17,0,8
BRDA:149,17,1,0
BRF:25
BRH:21
end_of_record
